<students><student><id>1</id><name>Zhang San</name><age>18</age><gender>Male</gender><grade>Senior 3</grade><major>Science</major></student><student><id>2</id><name>Li Si</name><age>17</age><gender>Female</gender><grade>Senior 2</grade><major>Arts</major></student><student><id>3</id><name>Wang Wu</name><age>16</age><gender>Male</gender><grade>Senior 1</grade><major>Science</major></student><student><id>4</id><name>Zhao Liu</name><age>18</age><gender>Female</gender><grade>Senior 3</grade><major>Arts</major></student></students>
