<students><student><id>1</id><name>Zhang San</name><age>18</age><gender>Male</gender><grade>Senior 3</grade><major>Science</major></student><student><id>2</id><name>Li Si</name><age>17</age><gender>Female</gender><grade>Senior 2</grade><major>Arts</major></student><student><id>3</id><name>Wang Wu</name><age>16</age><gender>Male</gender><grade>Senior 1</grade><major>Science</major></student><student><id>4</id><name>Zhao Liu</name><age>18</age><gender>Female</gender><grade>Senior 3</grade><major>Arts</major></student></students>


<?xml version="1.0" encoding="UTF-8"?>
<books>
    <book>
        <title>学习Python</title>
        <author>张三</author>
        <price>39.99</price>
    </book>
    <book>
        <title>深入理解计算机系统</title>
        <author>李四</author>
        <price>89.99</price>
    </book>
    <book>
        <title>算法导论</title>
        <author>王五</author>
        <price>129.00</price>
    </book>
</books>
